[1.083s] DEBUG:colcon:Command line arguments: ['/usr/bin/colcon', 'build', '--packages-select', 'turtlebot3_tourguide']
[1.083s] DEBUG:colcon:Parsed command line arguments: Namespace(log_base=None, log_level=None, verb_name='build', build_base='build', install_base='install', merge_install=False, symlink_install=False, test_result_base=None, continue_on_error=False, executor='parallel', parallel_workers=12, event_handlers=None, ignore_user_meta=False, metas=['./colcon.meta'], base_paths=['.'], packages_ignore=None, packages_ignore_regex=None, paths=None, packages_up_to=None, packages_up_to_regex=None, packages_above=None, packages_above_and_dependencies=None, packages_above_depth=None, packages_select_by_dep=None, packages_skip_by_dep=None, packages_skip_up_to=None, packages_select_build_failed=False, packages_skip_build_finished=False, packages_select_test_failures=False, packages_skip_test_passed=False, packages_select=['turtlebot3_tourguide'], packages_skip=None, packages_select_regex=None, packages_skip_regex=None, packages_start=None, packages_end=None, allow_overriding=[], cmake_args=None, cmake_target=None, cmake_target_skip_unavailable=False, cmake_clean_cache=False, cmake_clean_first=False, cmake_force_configure=False, ament_cmake_args=None, catkin_cmake_args=None, catkin_skip_building_tests=False, verb_parser=<colcon_defaults.argument_parser.defaults.DefaultArgumentsDecorator object at 0x790e8c269750>, verb_extension=<colcon_core.verb.build.BuildVerb object at 0x790e8c529fc0>, main=<bound method BuildVerb.main of <colcon_core.verb.build.BuildVerb object at 0x790e8c529fc0>>)
[1.132s] Level 1:colcon.colcon_core.package_discovery:discover_packages(colcon_meta) check parameters
[1.133s] Level 1:colcon.colcon_core.package_discovery:discover_packages(recursive) check parameters
[1.133s] Level 1:colcon.colcon_core.package_discovery:discover_packages(ignore) check parameters
[1.133s] Level 1:colcon.colcon_core.package_discovery:discover_packages(path) check parameters
[1.133s] Level 1:colcon.colcon_core.package_discovery:discover_packages(colcon_meta) discover
[1.133s] Level 1:colcon.colcon_core.package_discovery:discover_packages(recursive) discover
[1.133s] INFO:colcon.colcon_core.package_discovery:Crawling recursively for packages in '/home/dinhthong/turtlebot3_ws/src/turtlebot3_tourguide'
[1.133s] Level 1:colcon.colcon_core.package_identification:_identify(.) by extensions ['ignore', 'ignore_ament_install']
[1.133s] Level 1:colcon.colcon_core.package_identification:_identify(.) by extension 'ignore'
[1.133s] Level 1:colcon.colcon_core.package_identification:_identify(.) by extension 'ignore_ament_install'
[1.133s] Level 1:colcon.colcon_core.package_identification:_identify(.) by extensions ['colcon_pkg']
[1.133s] Level 1:colcon.colcon_core.package_identification:_identify(.) by extension 'colcon_pkg'
[1.133s] Level 1:colcon.colcon_core.package_identification:_identify(.) by extensions ['colcon_meta']
[1.133s] Level 1:colcon.colcon_core.package_identification:_identify(.) by extension 'colcon_meta'
[1.133s] Level 1:colcon.colcon_core.package_identification:_identify(.) by extensions ['ros']
[1.133s] Level 1:colcon.colcon_core.package_identification:_identify(.) by extension 'ros'
[1.145s] DEBUG:colcon.colcon_core.package_identification:Package '.' with type 'ros.ament_cmake' and name 'turtlebot3_tourguide'
[1.145s] Level 1:colcon.colcon_core.package_discovery:discover_packages(recursive) using defaults
[1.145s] Level 1:colcon.colcon_core.package_discovery:discover_packages(ignore) discover
[1.145s] Level 1:colcon.colcon_core.package_discovery:discover_packages(ignore) using defaults
[1.145s] Level 1:colcon.colcon_core.package_discovery:discover_packages(path) discover
[1.145s] Level 1:colcon.colcon_core.package_discovery:discover_packages(path) using defaults
[1.244s] Level 1:colcon.colcon_core.package_discovery:discover_packages(prefix_path) check parameters
[1.244s] Level 1:colcon.colcon_core.package_discovery:discover_packages(prefix_path) discover
[1.279s] DEBUG:colcon.colcon_installed_package_information.package_discovery:Found 8 installed packages in /home/dinhthong/turtlebot3_ws/install
[1.297s] DEBUG:colcon.colcon_installed_package_information.package_discovery:Found 390 installed packages in /opt/ros/humble
[1.299s] Level 1:colcon.colcon_core.package_discovery:discover_packages(prefix_path) using defaults
[1.417s] Level 5:colcon.colcon_core.verb:set package 'turtlebot3_tourguide' build argument 'cmake_args' from command line to 'None'
[1.417s] Level 5:colcon.colcon_core.verb:set package 'turtlebot3_tourguide' build argument 'cmake_target' from command line to 'None'
[1.417s] Level 5:colcon.colcon_core.verb:set package 'turtlebot3_tourguide' build argument 'cmake_target_skip_unavailable' from command line to 'False'
[1.417s] Level 5:colcon.colcon_core.verb:set package 'turtlebot3_tourguide' build argument 'cmake_clean_cache' from command line to 'False'
[1.417s] Level 5:colcon.colcon_core.verb:set package 'turtlebot3_tourguide' build argument 'cmake_clean_first' from command line to 'False'
[1.417s] Level 5:colcon.colcon_core.verb:set package 'turtlebot3_tourguide' build argument 'cmake_force_configure' from command line to 'False'
[1.417s] Level 5:colcon.colcon_core.verb:set package 'turtlebot3_tourguide' build argument 'ament_cmake_args' from command line to 'None'
[1.417s] Level 5:colcon.colcon_core.verb:set package 'turtlebot3_tourguide' build argument 'catkin_cmake_args' from command line to 'None'
[1.417s] Level 5:colcon.colcon_core.verb:set package 'turtlebot3_tourguide' build argument 'catkin_skip_building_tests' from command line to 'False'
[1.417s] DEBUG:colcon.colcon_core.verb:Building package 'turtlebot3_tourguide' with the following arguments: {'ament_cmake_args': None, 'build_base': '/home/dinhthong/turtlebot3_ws/src/turtlebot3_tourguide/build/turtlebot3_tourguide', 'catkin_cmake_args': None, 'catkin_skip_building_tests': False, 'cmake_args': None, 'cmake_clean_cache': False, 'cmake_clean_first': False, 'cmake_force_configure': False, 'cmake_target': None, 'cmake_target_skip_unavailable': False, 'install_base': '/home/dinhthong/turtlebot3_ws/src/turtlebot3_tourguide/install/turtlebot3_tourguide', 'merge_install': False, 'path': '/home/dinhthong/turtlebot3_ws/src/turtlebot3_tourguide', 'symlink_install': False, 'test_result_base': None}
[1.433s] INFO:colcon.colcon_core.executor:Executing jobs using 'parallel' executor
[1.450s] DEBUG:colcon.colcon_parallel_executor.executor.parallel:run_until_complete
[1.450s] INFO:colcon.colcon_ros.task.ament_cmake.build:Building ROS package in '/home/dinhthong/turtlebot3_ws/src/turtlebot3_tourguide' with build type 'ament_cmake'
[1.451s] INFO:colcon.colcon_cmake.task.cmake.build:Building CMake package in '/home/dinhthong/turtlebot3_ws/src/turtlebot3_tourguide'
[1.469s] INFO:colcon.colcon_core.plugin_system:Skipping extension 'colcon_core.shell.bat': Not used on non-Windows systems
[1.469s] INFO:colcon.colcon_core.shell:Skip shell extension 'powershell' for command environment: Not usable outside of PowerShell
[1.469s] DEBUG:colcon.colcon_core.shell:Skip shell extension 'dsv' for command environment
[1.525s] DEBUG:colcon.colcon_core.event_handler.log_command:Invoking command in '/home/dinhthong/turtlebot3_ws/src/turtlebot3_tourguide/build/turtlebot3_tourguide': CMAKE_PREFIX_PATH=${CMAKE_PREFIX_PATH}:/opt/ros/humble /usr/bin/cmake /home/dinhthong/turtlebot3_ws/src/turtlebot3_tourguide -DCMAKE_INSTALL_PREFIX=/home/dinhthong/turtlebot3_ws/src/turtlebot3_tourguide/install/turtlebot3_tourguide
[103.293s] DEBUG:colcon.colcon_core.event_handler.log_command:Invoked command in '/home/dinhthong/turtlebot3_ws/src/turtlebot3_tourguide/build/turtlebot3_tourguide' returned '0': CMAKE_PREFIX_PATH=${CMAKE_PREFIX_PATH}:/opt/ros/humble /usr/bin/cmake /home/dinhthong/turtlebot3_ws/src/turtlebot3_tourguide -DCMAKE_INSTALL_PREFIX=/home/dinhthong/turtlebot3_ws/src/turtlebot3_tourguide/install/turtlebot3_tourguide
[103.295s] DEBUG:colcon.colcon_core.event_handler.log_command:Invoking command in '/home/dinhthong/turtlebot3_ws/src/turtlebot3_tourguide/build/turtlebot3_tourguide': CMAKE_PREFIX_PATH=${CMAKE_PREFIX_PATH}:/opt/ros/humble /usr/bin/cmake --build /home/dinhthong/turtlebot3_ws/src/turtlebot3_tourguide/build/turtlebot3_tourguide -- -j12 -l12
[342.686s] DEBUG:colcon.colcon_core.event_handler.log_command:Invoked command in '/home/dinhthong/turtlebot3_ws/src/turtlebot3_tourguide/build/turtlebot3_tourguide' returned '0': CMAKE_PREFIX_PATH=${CMAKE_PREFIX_PATH}:/opt/ros/humble /usr/bin/cmake --build /home/dinhthong/turtlebot3_ws/src/turtlebot3_tourguide/build/turtlebot3_tourguide -- -j12 -l12
[342.820s] DEBUG:colcon.colcon_core.event_handler.log_command:Invoking command in '/home/dinhthong/turtlebot3_ws/src/turtlebot3_tourguide/build/turtlebot3_tourguide': CMAKE_PREFIX_PATH=${CMAKE_PREFIX_PATH}:/opt/ros/humble /usr/bin/cmake --install /home/dinhthong/turtlebot3_ws/src/turtlebot3_tourguide/build/turtlebot3_tourguide
[342.850s] Level 1:colcon.colcon_core.environment:create_environment_scripts_only(turtlebot3_tourguide)
[342.850s] DEBUG:colcon.colcon_core.event_handler.log_command:Invoked command in '/home/dinhthong/turtlebot3_ws/src/turtlebot3_tourguide/build/turtlebot3_tourguide' returned '0': CMAKE_PREFIX_PATH=${CMAKE_PREFIX_PATH}:/opt/ros/humble /usr/bin/cmake --install /home/dinhthong/turtlebot3_ws/src/turtlebot3_tourguide/build/turtlebot3_tourguide
[342.872s] Level 1:colcon.colcon_core.environment:checking '/home/dinhthong/turtlebot3_ws/src/turtlebot3_tourguide/install/turtlebot3_tourguide' for CMake module files
[342.872s] Level 1:colcon.colcon_core.environment:checking '/home/dinhthong/turtlebot3_ws/src/turtlebot3_tourguide/install/turtlebot3_tourguide' for CMake config files
[342.872s] Level 1:colcon.colcon_core.shell:create_environment_hook('turtlebot3_tourguide', 'cmake_prefix_path')
[342.889s] INFO:colcon.colcon_core.shell:Creating environment hook '/home/dinhthong/turtlebot3_ws/src/turtlebot3_tourguide/install/turtlebot3_tourguide/share/turtlebot3_tourguide/hook/cmake_prefix_path.ps1'
[342.890s] INFO:colcon.colcon_core.shell:Creating environment descriptor '/home/dinhthong/turtlebot3_ws/src/turtlebot3_tourguide/install/turtlebot3_tourguide/share/turtlebot3_tourguide/hook/cmake_prefix_path.dsv'
[342.890s] INFO:colcon.colcon_core.shell:Creating environment hook '/home/dinhthong/turtlebot3_ws/src/turtlebot3_tourguide/install/turtlebot3_tourguide/share/turtlebot3_tourguide/hook/cmake_prefix_path.sh'
[342.891s] Level 1:colcon.colcon_core.environment:checking '/home/dinhthong/turtlebot3_ws/src/turtlebot3_tourguide/install/turtlebot3_tourguide/lib'
[342.891s] Level 1:colcon.colcon_core.environment:checking '/home/dinhthong/turtlebot3_ws/src/turtlebot3_tourguide/install/turtlebot3_tourguide/bin'
[342.891s] Level 1:colcon.colcon_core.environment:checking '/home/dinhthong/turtlebot3_ws/src/turtlebot3_tourguide/install/turtlebot3_tourguide/lib/pkgconfig/turtlebot3_tourguide.pc'
[342.892s] Level 1:colcon.colcon_core.environment:checking '/home/dinhthong/turtlebot3_ws/src/turtlebot3_tourguide/install/turtlebot3_tourguide/lib/python3.10/site-packages'
[342.892s] Level 1:colcon.colcon_core.environment:checking '/home/dinhthong/turtlebot3_ws/src/turtlebot3_tourguide/install/turtlebot3_tourguide/bin'
[342.909s] INFO:colcon.colcon_core.shell:Creating package script '/home/dinhthong/turtlebot3_ws/src/turtlebot3_tourguide/install/turtlebot3_tourguide/share/turtlebot3_tourguide/package.ps1'
[342.909s] INFO:colcon.colcon_core.shell:Creating package descriptor '/home/dinhthong/turtlebot3_ws/src/turtlebot3_tourguide/install/turtlebot3_tourguide/share/turtlebot3_tourguide/package.dsv'
[342.910s] INFO:colcon.colcon_core.shell:Creating package script '/home/dinhthong/turtlebot3_ws/src/turtlebot3_tourguide/install/turtlebot3_tourguide/share/turtlebot3_tourguide/package.sh'
[342.911s] INFO:colcon.colcon_core.shell:Creating package script '/home/dinhthong/turtlebot3_ws/src/turtlebot3_tourguide/install/turtlebot3_tourguide/share/turtlebot3_tourguide/package.bash'
[342.911s] INFO:colcon.colcon_core.shell:Creating package script '/home/dinhthong/turtlebot3_ws/src/turtlebot3_tourguide/install/turtlebot3_tourguide/share/turtlebot3_tourguide/package.zsh'
[342.912s] Level 1:colcon.colcon_core.environment:create_file_with_runtime_dependencies(/home/dinhthong/turtlebot3_ws/src/turtlebot3_tourguide/install/turtlebot3_tourguide/share/colcon-core/packages/turtlebot3_tourguide)
[343.055s] Level 1:colcon.colcon_core.environment:create_environment_scripts_only(turtlebot3_tourguide)
[343.072s] Level 1:colcon.colcon_core.environment:checking '/home/dinhthong/turtlebot3_ws/src/turtlebot3_tourguide/install/turtlebot3_tourguide' for CMake module files
[343.073s] Level 1:colcon.colcon_core.environment:checking '/home/dinhthong/turtlebot3_ws/src/turtlebot3_tourguide/install/turtlebot3_tourguide' for CMake config files
[343.073s] Level 1:colcon.colcon_core.shell:create_environment_hook('turtlebot3_tourguide', 'cmake_prefix_path')
[343.089s] INFO:colcon.colcon_core.shell:Creating environment hook '/home/dinhthong/turtlebot3_ws/src/turtlebot3_tourguide/install/turtlebot3_tourguide/share/turtlebot3_tourguide/hook/cmake_prefix_path.ps1'
[343.089s] INFO:colcon.colcon_core.shell:Creating environment descriptor '/home/dinhthong/turtlebot3_ws/src/turtlebot3_tourguide/install/turtlebot3_tourguide/share/turtlebot3_tourguide/hook/cmake_prefix_path.dsv'
[343.090s] INFO:colcon.colcon_core.shell:Creating environment hook '/home/dinhthong/turtlebot3_ws/src/turtlebot3_tourguide/install/turtlebot3_tourguide/share/turtlebot3_tourguide/hook/cmake_prefix_path.sh'
[343.090s] Level 1:colcon.colcon_core.environment:checking '/home/dinhthong/turtlebot3_ws/src/turtlebot3_tourguide/install/turtlebot3_tourguide/lib'
[343.090s] Level 1:colcon.colcon_core.environment:checking '/home/dinhthong/turtlebot3_ws/src/turtlebot3_tourguide/install/turtlebot3_tourguide/bin'
[343.090s] Level 1:colcon.colcon_core.environment:checking '/home/dinhthong/turtlebot3_ws/src/turtlebot3_tourguide/install/turtlebot3_tourguide/lib/pkgconfig/turtlebot3_tourguide.pc'
[343.090s] Level 1:colcon.colcon_core.environment:checking '/home/dinhthong/turtlebot3_ws/src/turtlebot3_tourguide/install/turtlebot3_tourguide/lib/python3.10/site-packages'
[343.091s] Level 1:colcon.colcon_core.environment:checking '/home/dinhthong/turtlebot3_ws/src/turtlebot3_tourguide/install/turtlebot3_tourguide/bin'
[343.107s] INFO:colcon.colcon_core.shell:Creating package script '/home/dinhthong/turtlebot3_ws/src/turtlebot3_tourguide/install/turtlebot3_tourguide/share/turtlebot3_tourguide/package.ps1'
[343.107s] INFO:colcon.colcon_core.shell:Creating package descriptor '/home/dinhthong/turtlebot3_ws/src/turtlebot3_tourguide/install/turtlebot3_tourguide/share/turtlebot3_tourguide/package.dsv'
[343.108s] INFO:colcon.colcon_core.shell:Creating package script '/home/dinhthong/turtlebot3_ws/src/turtlebot3_tourguide/install/turtlebot3_tourguide/share/turtlebot3_tourguide/package.sh'
[343.108s] INFO:colcon.colcon_core.shell:Creating package script '/home/dinhthong/turtlebot3_ws/src/turtlebot3_tourguide/install/turtlebot3_tourguide/share/turtlebot3_tourguide/package.bash'
[343.108s] INFO:colcon.colcon_core.shell:Creating package script '/home/dinhthong/turtlebot3_ws/src/turtlebot3_tourguide/install/turtlebot3_tourguide/share/turtlebot3_tourguide/package.zsh'
[343.109s] Level 1:colcon.colcon_core.environment:create_file_with_runtime_dependencies(/home/dinhthong/turtlebot3_ws/src/turtlebot3_tourguide/install/turtlebot3_tourguide/share/colcon-core/packages/turtlebot3_tourguide)
[343.109s] DEBUG:colcon.colcon_parallel_executor.executor.parallel:closing loop
[343.110s] DEBUG:colcon.colcon_parallel_executor.executor.parallel:loop closed
[343.110s] DEBUG:colcon.colcon_parallel_executor.executor.parallel:run_until_complete finished with '0'
[343.110s] DEBUG:colcon.colcon_core.event_reactor:joining thread
[343.167s] INFO:colcon.colcon_core.plugin_system:Skipping extension 'colcon_notification.desktop_notification.terminal_notifier': Not used on non-Darwin systems
[343.167s] INFO:colcon.colcon_core.plugin_system:Skipping extension 'colcon_notification.desktop_notification.win32': Not used on non-Windows systems
[343.167s] INFO:colcon.colcon_notification.desktop_notification:Sending desktop notification using 'notify2'
[343.178s] DEBUG:colcon.colcon_core.event_reactor:joined thread
[343.196s] INFO:colcon.colcon_core.shell:Creating prefix script '/home/dinhthong/turtlebot3_ws/src/turtlebot3_tourguide/install/local_setup.ps1'
[343.197s] INFO:colcon.colcon_core.shell:Creating prefix util module '/home/dinhthong/turtlebot3_ws/src/turtlebot3_tourguide/install/_local_setup_util_ps1.py'
[343.198s] INFO:colcon.colcon_core.shell:Creating prefix chain script '/home/dinhthong/turtlebot3_ws/src/turtlebot3_tourguide/install/setup.ps1'
[343.219s] INFO:colcon.colcon_core.shell:Creating prefix script '/home/dinhthong/turtlebot3_ws/src/turtlebot3_tourguide/install/local_setup.sh'
[343.219s] INFO:colcon.colcon_core.shell:Creating prefix util module '/home/dinhthong/turtlebot3_ws/src/turtlebot3_tourguide/install/_local_setup_util_sh.py'
[343.220s] INFO:colcon.colcon_core.shell:Creating prefix chain script '/home/dinhthong/turtlebot3_ws/src/turtlebot3_tourguide/install/setup.sh'
[343.238s] INFO:colcon.colcon_core.shell:Creating prefix script '/home/dinhthong/turtlebot3_ws/src/turtlebot3_tourguide/install/local_setup.bash'
[343.239s] INFO:colcon.colcon_core.shell:Creating prefix chain script '/home/dinhthong/turtlebot3_ws/src/turtlebot3_tourguide/install/setup.bash'
[343.258s] INFO:colcon.colcon_core.shell:Creating prefix script '/home/dinhthong/turtlebot3_ws/src/turtlebot3_tourguide/install/local_setup.zsh'
[343.258s] INFO:colcon.colcon_core.shell:Creating prefix chain script '/home/dinhthong/turtlebot3_ws/src/turtlebot3_tourguide/install/setup.zsh'
