[1.388s] DEBUG:colcon:Command line arguments: ['/usr/bin/colcon', 'build', '--packages-select', 'turtlebot3_tourguide']
[1.388s] DEBUG:colcon:Parsed command line arguments: Namespace(log_base=None, log_level=None, verb_name='build', build_base='build', install_base='install', merge_install=False, symlink_install=False, test_result_base=None, continue_on_error=False, executor='parallel', parallel_workers=12, event_handlers=None, ignore_user_meta=False, metas=['./colcon.meta'], base_paths=['.'], packages_ignore=None, packages_ignore_regex=None, paths=None, packages_up_to=None, packages_up_to_regex=None, packages_above=None, packages_above_and_dependencies=None, packages_above_depth=None, packages_select_by_dep=None, packages_skip_by_dep=None, packages_skip_up_to=None, packages_select_build_failed=False, packages_skip_build_finished=False, packages_select_test_failures=False, packages_skip_test_passed=False, packages_select=['turtlebot3_tourguide'], packages_skip=None, packages_select_regex=None, packages_skip_regex=None, packages_start=None, packages_end=None, allow_overriding=[], cmake_args=None, cmake_target=None, cmake_target_skip_unavailable=False, cmake_clean_cache=False, cmake_clean_first=False, cmake_force_configure=False, ament_cmake_args=None, catkin_cmake_args=None, catkin_skip_building_tests=False, verb_parser=<colcon_defaults.argument_parser.defaults.DefaultArgumentsDecorator object at 0x7bbc6bc21720>, verb_extension=<colcon_core.verb.build.BuildVerb object at 0x7bbc6bed4790>, main=<bound method BuildVerb.main of <colcon_core.verb.build.BuildVerb object at 0x7bbc6bed4790>>)
[1.456s] Level 1:colcon.colcon_core.package_discovery:discover_packages(colcon_meta) check parameters
[1.456s] Level 1:colcon.colcon_core.package_discovery:discover_packages(recursive) check parameters
[1.456s] Level 1:colcon.colcon_core.package_discovery:discover_packages(ignore) check parameters
[1.456s] Level 1:colcon.colcon_core.package_discovery:discover_packages(path) check parameters
[1.456s] Level 1:colcon.colcon_core.package_discovery:discover_packages(colcon_meta) discover
[1.456s] Level 1:colcon.colcon_core.package_discovery:discover_packages(recursive) discover
[1.456s] INFO:colcon.colcon_core.package_discovery:Crawling recursively for packages in '/home/dinhthong/turtlebot3_ws/src/turtlebot3_tourguide'
[1.456s] Level 1:colcon.colcon_core.package_identification:_identify(.) by extensions ['ignore', 'ignore_ament_install']
[1.457s] Level 1:colcon.colcon_core.package_identification:_identify(.) by extension 'ignore'
[1.457s] Level 1:colcon.colcon_core.package_identification:_identify(.) by extension 'ignore_ament_install'
[1.457s] Level 1:colcon.colcon_core.package_identification:_identify(.) by extensions ['colcon_pkg']
[1.457s] Level 1:colcon.colcon_core.package_identification:_identify(.) by extension 'colcon_pkg'
[1.457s] Level 1:colcon.colcon_core.package_identification:_identify(.) by extensions ['colcon_meta']
[1.457s] Level 1:colcon.colcon_core.package_identification:_identify(.) by extension 'colcon_meta'
[1.457s] Level 1:colcon.colcon_core.package_identification:_identify(.) by extensions ['ros']
[1.457s] Level 1:colcon.colcon_core.package_identification:_identify(.) by extension 'ros'
[1.473s] DEBUG:colcon.colcon_core.package_identification:Package '.' with type 'ros.ament_cmake' and name 'turtlebot3_tourguide'
[1.473s] Level 1:colcon.colcon_core.package_discovery:discover_packages(recursive) using defaults
[1.473s] Level 1:colcon.colcon_core.package_discovery:discover_packages(ignore) discover
[1.473s] Level 1:colcon.colcon_core.package_discovery:discover_packages(ignore) using defaults
[1.473s] Level 1:colcon.colcon_core.package_discovery:discover_packages(path) discover
[1.473s] Level 1:colcon.colcon_core.package_discovery:discover_packages(path) using defaults
[1.583s] Level 1:colcon.colcon_core.package_discovery:discover_packages(prefix_path) check parameters
[1.583s] Level 1:colcon.colcon_core.package_discovery:discover_packages(prefix_path) discover
[1.619s] DEBUG:colcon.colcon_installed_package_information.package_discovery:Found 8 installed packages in /home/dinhthong/turtlebot3_ws/install
[1.638s] DEBUG:colcon.colcon_installed_package_information.package_discovery:Found 390 installed packages in /opt/ros/humble
[1.640s] Level 1:colcon.colcon_core.package_discovery:discover_packages(prefix_path) using defaults
[1.775s] Level 5:colcon.colcon_core.verb:set package 'turtlebot3_tourguide' build argument 'cmake_args' from command line to 'None'
[1.775s] Level 5:colcon.colcon_core.verb:set package 'turtlebot3_tourguide' build argument 'cmake_target' from command line to 'None'
[1.775s] Level 5:colcon.colcon_core.verb:set package 'turtlebot3_tourguide' build argument 'cmake_target_skip_unavailable' from command line to 'False'
[1.775s] Level 5:colcon.colcon_core.verb:set package 'turtlebot3_tourguide' build argument 'cmake_clean_cache' from command line to 'False'
[1.775s] Level 5:colcon.colcon_core.verb:set package 'turtlebot3_tourguide' build argument 'cmake_clean_first' from command line to 'False'
[1.775s] Level 5:colcon.colcon_core.verb:set package 'turtlebot3_tourguide' build argument 'cmake_force_configure' from command line to 'False'
[1.775s] Level 5:colcon.colcon_core.verb:set package 'turtlebot3_tourguide' build argument 'ament_cmake_args' from command line to 'None'
[1.775s] Level 5:colcon.colcon_core.verb:set package 'turtlebot3_tourguide' build argument 'catkin_cmake_args' from command line to 'None'
[1.775s] Level 5:colcon.colcon_core.verb:set package 'turtlebot3_tourguide' build argument 'catkin_skip_building_tests' from command line to 'False'
[1.775s] DEBUG:colcon.colcon_core.verb:Building package 'turtlebot3_tourguide' with the following arguments: {'ament_cmake_args': None, 'build_base': '/home/dinhthong/turtlebot3_ws/src/turtlebot3_tourguide/build/turtlebot3_tourguide', 'catkin_cmake_args': None, 'catkin_skip_building_tests': False, 'cmake_args': None, 'cmake_clean_cache': False, 'cmake_clean_first': False, 'cmake_force_configure': False, 'cmake_target': None, 'cmake_target_skip_unavailable': False, 'install_base': '/home/dinhthong/turtlebot3_ws/src/turtlebot3_tourguide/install/turtlebot3_tourguide', 'merge_install': False, 'path': '/home/dinhthong/turtlebot3_ws/src/turtlebot3_tourguide', 'symlink_install': False, 'test_result_base': None}
[1.795s] INFO:colcon.colcon_core.executor:Executing jobs using 'parallel' executor
[1.813s] DEBUG:colcon.colcon_parallel_executor.executor.parallel:run_until_complete
[1.813s] INFO:colcon.colcon_ros.task.ament_cmake.build:Building ROS package in '/home/dinhthong/turtlebot3_ws/src/turtlebot3_tourguide' with build type 'ament_cmake'
[1.813s] INFO:colcon.colcon_cmake.task.cmake.build:Building CMake package in '/home/dinhthong/turtlebot3_ws/src/turtlebot3_tourguide'
[1.836s] INFO:colcon.colcon_core.plugin_system:Skipping extension 'colcon_core.shell.bat': Not used on non-Windows systems
[1.836s] INFO:colcon.colcon_core.shell:Skip shell extension 'powershell' for command environment: Not usable outside of PowerShell
[1.836s] DEBUG:colcon.colcon_core.shell:Skip shell extension 'dsv' for command environment
[1.897s] DEBUG:colcon.colcon_core.event_handler.log_command:Invoking command in '/home/dinhthong/turtlebot3_ws/src/turtlebot3_tourguide/build/turtlebot3_tourguide': CMAKE_PREFIX_PATH=${CMAKE_PREFIX_PATH}:/opt/ros/humble /usr/bin/cmake /home/dinhthong/turtlebot3_ws/src/turtlebot3_tourguide -DCMAKE_INSTALL_PREFIX=/home/dinhthong/turtlebot3_ws/src/turtlebot3_tourguide/install/turtlebot3_tourguide
[371.710s] DEBUG:colcon.colcon_parallel_executor.executor.parallel:run_until_complete was interrupted
[371.710s] DEBUG:colcon.colcon_parallel_executor.executor.parallel:run_until_complete again
[371.713s] DEBUG:colcon.colcon_core.event_handler.log_command:Invoked command in '/home/dinhthong/turtlebot3_ws/src/turtlebot3_tourguide/build/turtlebot3_tourguide' returned '-2': CMAKE_PREFIX_PATH=${CMAKE_PREFIX_PATH}:/opt/ros/humble /usr/bin/cmake /home/dinhthong/turtlebot3_ws/src/turtlebot3_tourguide -DCMAKE_INSTALL_PREFIX=/home/dinhthong/turtlebot3_ws/src/turtlebot3_tourguide/install/turtlebot3_tourguide
[371.726s] DEBUG:colcon.colcon_parallel_executor.executor.parallel:run_until_complete finished
[371.726s] DEBUG:colcon.colcon_parallel_executor.executor.parallel:closing loop
[371.727s] DEBUG:colcon.colcon_parallel_executor.executor.parallel:loop closed
[371.727s] DEBUG:colcon.colcon_core.event_reactor:joining thread
[371.750s] INFO:colcon.colcon_core.plugin_system:Skipping extension 'colcon_notification.desktop_notification.terminal_notifier': Not used on non-Darwin systems
[371.750s] INFO:colcon.colcon_core.plugin_system:Skipping extension 'colcon_notification.desktop_notification.win32': Not used on non-Windows systems
[371.750s] INFO:colcon.colcon_notification.desktop_notification:Sending desktop notification using 'notify2'
[371.766s] DEBUG:colcon.colcon_core.event_reactor:joined thread
[371.790s] INFO:colcon.colcon_core.shell:Creating prefix script '/home/dinhthong/turtlebot3_ws/src/turtlebot3_tourguide/install/local_setup.ps1'
[371.791s] INFO:colcon.colcon_core.shell:Creating prefix util module '/home/dinhthong/turtlebot3_ws/src/turtlebot3_tourguide/install/_local_setup_util_ps1.py'
[371.792s] INFO:colcon.colcon_core.shell:Creating prefix chain script '/home/dinhthong/turtlebot3_ws/src/turtlebot3_tourguide/install/setup.ps1'
[371.810s] INFO:colcon.colcon_core.shell:Creating prefix script '/home/dinhthong/turtlebot3_ws/src/turtlebot3_tourguide/install/local_setup.sh'
[371.810s] INFO:colcon.colcon_core.shell:Creating prefix util module '/home/dinhthong/turtlebot3_ws/src/turtlebot3_tourguide/install/_local_setup_util_sh.py'
[371.811s] INFO:colcon.colcon_core.shell:Creating prefix chain script '/home/dinhthong/turtlebot3_ws/src/turtlebot3_tourguide/install/setup.sh'
[371.829s] INFO:colcon.colcon_core.shell:Creating prefix script '/home/dinhthong/turtlebot3_ws/src/turtlebot3_tourguide/install/local_setup.bash'
[371.829s] INFO:colcon.colcon_core.shell:Creating prefix chain script '/home/dinhthong/turtlebot3_ws/src/turtlebot3_tourguide/install/setup.bash'
[371.848s] INFO:colcon.colcon_core.shell:Creating prefix script '/home/dinhthong/turtlebot3_ws/src/turtlebot3_tourguide/install/local_setup.zsh'
[371.849s] INFO:colcon.colcon_core.shell:Creating prefix chain script '/home/dinhthong/turtlebot3_ws/src/turtlebot3_tourguide/install/setup.zsh'
